Building DAG of jobs...
Using shell: /bin/bash
Provided cores: 1 (use --cores to define parallelism)
Rules claiming more threads will be scaled down.
Job counts:
	count	jobs
	1	calc_vals
	1	get_data
	2

[Tue Nov 10 14:05:29 2020]
rule get_data:
    input: simulation.slim
    output: 10000_5_test.txt
    jobid: 1

[Tue Nov 10 14:09:13 2020]
Finished job 1.
1 of 2 steps (50%) done

[Tue Nov 10 14:09:13 2020]
rule calc_vals:
    input: 10000_5_test.txt
    output: 10000_5_data.txt
    jobid: 0

[Tue Nov 10 14:09:15 2020]
Finished job 0.
2 of 2 steps (100%) done
Complete log: /Users/ecevarol/Desktop/Research/lower_threshold_project/pop_5000/.snakemake/log/2020-11-10T140528.484558.snakemake.log
