Building DAG of jobs...
Using shell: /bin/bash
Provided cores: 1 (use --cores to define parallelism)
Rules claiming more threads will be scaled down.
Job counts:
	count	jobs
	1	analyze
	1	calc_vals
	1	get_data
	1	plot
	1	run_sims
	1	summary
	6

[Tue Nov 10 09:57:06 2020]
rule get_data:
    input: simulation.slim
    output: 10000_5_test.txt
    jobid: 5

[Tue Nov 10 10:01:22 2020]
Finished job 5.
1 of 6 steps (17%) done

[Tue Nov 10 10:01:22 2020]
rule calc_vals:
    input: 10000_5_test.txt
    output: 10000_5_data.txt
    jobid: 4

[Tue Nov 10 10:01:25 2020]
Finished job 4.
2 of 6 steps (33%) done

[Tue Nov 10 10:01:25 2020]
rule run_sims:
    input: 10000_5_data.txt
    output: 10000_5.txt
    jobid: 3

Shutting down, this might take some time.
Exiting because a job execution failed. Look above for error message
Complete log: /Users/ecevarol/Desktop/Research/lower_threshold_project/pop_5000/.snakemake/log/2020-11-10T095704.410637.snakemake.log
