Building DAG of jobs...
Using shell: /bin/bash
Provided cores: 1 (use --cores to define parallelism)
Rules claiming more threads will be scaled down.
Job counts:
	count	jobs
	1	analyze
	1	plot
	1	run_sims
	1	summary
	4

[Tue Nov 10 14:17:29 2020]
rule run_sims:
    input: 10000_5_data.txt
    output: 10000_5.txt
    jobid: 3

[Tue Nov 10 14:21:22 2020]
Finished job 3.
1 of 4 steps (25%) done

[Tue Nov 10 14:21:22 2020]
rule analyze:
    input: 10000_5.txt
    output: 10000_5_analysis.txt
    jobid: 2

[Tue Nov 10 14:21:24 2020]
Finished job 2.
2 of 4 steps (50%) done

[Tue Nov 10 14:21:24 2020]
rule summary:
    input: 10000_5_analysis.txt
    output: summary.csv
    jobid: 1

[Tue Nov 10 14:21:25 2020]
Finished job 1.
3 of 4 steps (75%) done

[Tue Nov 10 14:21:25 2020]
rule plot:
    input: summary.csv
    output: plot.png
    jobid: 0

[Tue Nov 10 14:21:26 2020]
Finished job 0.
4 of 4 steps (100%) done
Complete log: /Users/ecevarol/Desktop/Research/lower_threshold_project/pop_5000/.snakemake/log/2020-11-10T141728.000241.snakemake.log
