Building DAG of jobs...
Using shell: /bin/bash
Provided cores: 1 (use --cores to define parallelism)
Rules claiming more threads will be scaled down.
Job counts:
	count	jobs
	1	run_sims
	1

[Mon Sep 14 17:38:56 2020]
rule run_sims:
    input: data.txt, simulation.slim
    output: test.txt
    jobid: 0

[Mon Sep 14 17:38:56 2020]
Error in rule run_sims:
    jobid: 0
    output: test.txt
    shell:
        variance=head data.txt; liability=tail data.txt; slim -d envVar=$variance -d adjustment=$liability -d L=1e4 -d thres=1 simulation.slim
        (one of the commands exited with non-zero exit code; note that snakemake uses bash strict mode!)

Shutting down, this might take some time.
Exiting because a job execution failed. Look above for error message
Complete log: /Users/ecevarol/Desktop/Research/lower_threshold_project/.snakemake/log/2020-09-14T173856.438172.snakemake.log
