Building DAG of jobs...
Using shell: /bin/bash
Provided cores: 1 (use --cores to define parallelism)
Rules claiming more threads will be scaled down.
Job counts:
	count	jobs
	1	get_data
	1

[Mon Sep 14 19:08:45 2020]
rule get_data:
    input: simulation.slim
    output: env_var.txt
    jobid: 0

[Mon Sep 14 19:08:45 2020]
Error in rule get_data:
    jobid: 0
    output: env_var.txt

RuleException:
NameError in line 9 of /Users/ecevarol/Desktop/Research/lower_threshold_project/Snakefile:
The name 'input' is unknown in this context. Please make sure that you defined that variable. Also note that braces not used for variable access have to be escaped by repeating them, i.e. {{print $1}}
  File "/Users/ecevarol/opt/miniconda3/envs/snakemake/lib/python3.8/site-packages/snakemake/executors/__init__.py", line 2168, in run_wrapper
  File "/Users/ecevarol/Desktop/Research/lower_threshold_project/Snakefile", line 9, in __rule_get_data
  File "/Users/ecevarol/opt/miniconda3/envs/snakemake/lib/python3.8/site-packages/snakemake/executors/__init__.py", line 529, in _callback
  File "/Users/ecevarol/opt/miniconda3/envs/snakemake/lib/python3.8/concurrent/futures/thread.py", line 57, in run
  File "/Users/ecevarol/opt/miniconda3/envs/snakemake/lib/python3.8/site-packages/snakemake/executors/__init__.py", line 515, in cached_or_run
  File "/Users/ecevarol/opt/miniconda3/envs/snakemake/lib/python3.8/site-packages/snakemake/executors/__init__.py", line 2199, in run_wrapper
Shutting down, this might take some time.
Exiting because a job execution failed. Look above for error message
Complete log: /Users/ecevarol/Desktop/Research/lower_threshold_project/.snakemake/log/2020-09-14T190845.267949.snakemake.log
