Building DAG of jobs...
Using shell: /bin/bash
Provided cores: 1 (use --cores to define parallelism)
Rules claiming more threads will be scaled down.
Job counts:
	count	jobs
	1	calc_vals
	1	get_data
	1	run_sims
	3

[Thu Sep 24 12:46:56 2020]
rule get_data:
    input: simulation.slim
    output: 10000_1_test.txt
    jobid: 2

[Thu Sep 24 12:50:13 2020]
Finished job 2.
1 of 3 steps (33%) done

[Thu Sep 24 12:50:13 2020]
rule calc_vals:
    input: 10000_1_test.txt
    output: data.txt
    jobid: 1

[Thu Sep 24 12:50:13 2020]
Finished job 1.
2 of 3 steps (67%) done

[Thu Sep 24 12:50:13 2020]
rule run_sims:
    input: data.txt, simulation.slim
    output: 10000_1.txt
    jobid: 0

[Thu Sep 24 12:53:14 2020]
Finished job 0.
3 of 3 steps (100%) done
Complete log: /Users/ecevarol/Desktop/Research/lower_threshold_project/.snakemake/log/2020-09-24T124655.644873.snakemake.log
