Building DAG of jobs...
Using shell: /bin/bash
Provided cores: 1 (use --cores to define parallelism)
Rules claiming more threads will be scaled down.
Job counts:
	count	jobs
	1	get_env_var
	1

[Fri Sep 11 17:45:23 2020]
rule get_env_var:
    input: simulation.slim
    output: env_var.txt
    jobid: 0

[Fri Sep 11 17:45:23 2020]
Error in rule get_env_var:
    jobid: 0
    output: env_var.txt
    shell:
        slim -d L=10e4 -d thres=1 -d output_name='env_var.txt' simulation.slim
        (one of the commands exited with non-zero exit code; note that snakemake uses bash strict mode!)

Shutting down, this might take some time.
Exiting because a job execution failed. Look above for error message
Complete log: /Users/ecevarol/Desktop/Research/lower_threshold_project/.snakemake/log/2020-09-11T174523.686615.snakemake.log
