Building DAG of jobs...
Using shell: /bin/bash
Provided cores: 1 (use --cores to define parallelism)
Rules claiming more threads will be scaled down.
Job counts:
	count	jobs
	1	run_sims
	1

[Thu Sep 24 12:39:48 2020]
rule run_sims:
    input: data.txt, simulation.slim
    output: 10000_1.txt
    jobid: 0

[Thu Sep 24 12:39:48 2020]
Error in rule run_sims:
    jobid: 0
    output: 10000_1.txt
    shell:
        declare var=$(sed -n '1p' data.txt) declare adj=$(sed -n '2p' data.txt); slim -d envVar=var -d adjustment=adj -d L=1e4 -d thres=1 simulation.slim
        (one of the commands exited with non-zero exit code; note that snakemake uses bash strict mode!)

Shutting down, this might take some time.
Exiting because a job execution failed. Look above for error message
Complete log: /Users/ecevarol/Desktop/Research/lower_threshold_project/.snakemake/log/2020-09-24T123947.871004.snakemake.log
