Building DAG of jobs...
Using shell: /bin/bash
Provided cores: 1 (use --cores to define parallelism)
Rules claiming more threads will be scaled down.
Job counts:
	count	jobs
	1	run_sims
	1

[Mon Sep 14 17:33:55 2020]
rule run_sims:
    input: data.txt, simulation.slim
    output: test.txt
    jobid: 0

RuleException in line 24 of /Users/ecevarol/Desktop/Research/lower_threshold_project/Snakefile:
NameError: The name 'print $1' is unknown in this context. Please make sure that you defined that variable. Also note that braces not used for variable access have to be escaped by repeating them, i.e. {{print $1}}
  File "/Users/ecevarol/opt/miniconda3/envs/snakemake/lib/python3.8/site-packages/snakemake/executors/__init__.py", line 111, in run_jobs
  File "/Users/ecevarol/opt/miniconda3/envs/snakemake/lib/python3.8/site-packages/snakemake/executors/__init__.py", line 402, in run
  File "/Users/ecevarol/opt/miniconda3/envs/snakemake/lib/python3.8/site-packages/snakemake/executors/__init__.py", line 203, in _run
  File "/Users/ecevarol/opt/miniconda3/envs/snakemake/lib/python3.8/site-packages/snakemake/executors/__init__.py", line 131, in _run
  File "/Users/ecevarol/opt/miniconda3/envs/snakemake/lib/python3.8/site-packages/snakemake/executors/__init__.py", line 137, in printjob
