Building DAG of jobs...
Using shell: /bin/bash
Provided cores: 1 (use --cores to define parallelism)
Rules claiming more threads will be scaled down.
Job counts:
	count	jobs
	1	analyze
	1	calc_vals
	1	get_data
	1	run_sims
	4

[Thu Oct  1 19:57:28 2020]
rule get_data:
    input: simulation.slim
    output: 10000_1_test.txt
    jobid: 3

[Thu Oct  1 20:01:31 2020]
Finished job 3.
1 of 4 steps (25%) done

[Thu Oct  1 20:01:31 2020]
rule calc_vals:
    input: 10000_1_test.txt
    output: data.txt
    jobid: 2

[Thu Oct  1 20:01:32 2020]
Finished job 2.
2 of 4 steps (50%) done

[Thu Oct  1 20:01:32 2020]
rule run_sims:
    input: data.txt, simulation.slim
    output: 10000_1.txt
    jobid: 1

[Thu Oct  1 20:05:00 2020]
Finished job 1.
3 of 4 steps (75%) done

[Thu Oct  1 20:05:00 2020]
rule analyze:
    input: 10000_1.txt
    output: 10000_1_analysis.txt
    jobid: 0

[Thu Oct  1 20:05:02 2020]
Finished job 0.
4 of 4 steps (100%) done
Complete log: /Users/ecevarol/Desktop/Research/lower_threshold_project/.snakemake/log/2020-10-01T195727.540813.snakemake.log
